<?xml version="1.0" encoding="UTF-8"?>
<!-- Generated by org.testng.reporters.JUnitXMLReporter -->
<testsuite ignored="0" hostname="DESKTOP-99P843S" failures="1" tests="26" name="Test" time="103.345" errors="0" timestamp="2024-03-19T13:04:39 IST">
  <testcase classname="api.test.User_Test_Case" name="create_user" time="4.663"/>
  <testcase classname="api.test.User_Test_Case" name="get_user" time="2.228"/>
  <testcase classname="api.test.User_Test_Case" name="update_user" time="4.055"/>
  <testcase classname="api.test.User_Test_Case" name="delete_user" time="1.871"/>
  <testcase classname="api.test.Data_Driven_User_Test" name="Create_User" time="1.746"/>
  <testcase classname="api.test.Data_Driven_User_Test" name="Create_User" time="1.465"/>
  <testcase classname="api.test.Data_Driven_User_Test" name="Create_User" time="2.573"/>
  <testcase classname="api.test.Data_Driven_User_Test" name="Create_User" time="2.272"/>
  <testcase classname="api.test.Data_Driven_User_Test" name="Create_User" time="1.889"/>
  <testcase classname="api.test.Data_Driven_User_Test" name="Get_User" time="1.551"/>
  <testcase classname="api.test.Data_Driven_User_Test" name="Get_User" time="1.954"/>
  <testcase classname="api.test.Data_Driven_User_Test" name="Get_User" time="2.553"/>
  <testcase classname="api.test.Data_Driven_User_Test" name="Get_User" time="1.633"/>
  <testcase classname="api.test.Data_Driven_User_Test" name="Get_User" time="22.594"/>
  <testcase classname="api.test.Data_Driven_User_Test" name="delete_User" time="1.654"/>
  <testcase classname="api.test.Data_Driven_User_Test" name="delete_User" time="1.404"/>
  <testcase classname="api.test.Data_Driven_User_Test" name="delete_User" time="2.432"/>
  <testcase classname="api.test.Data_Driven_User_Test" name="delete_User" time="25.109"/>
  <testcase classname="api.test.Data_Driven_User_Test" name="delete_User" time="1.698"/>
  <testcase classname="api.test.User_properties_file" name="create_user" time="1.63"/>
  <testcase classname="api.test.User_properties_file" name="get_user" time="2.078"/>
  <testcase classname="api.test.User_properties_file" name="update_user" time="3.153"/>
  <testcase classname="api.test.User_properties_file" name="delete_user" time="1.388"/>
  <testcase classname="api.test.Store_Test_Case" name="create_user" time="1.561"/>
  <testcase classname="api.test.Store_Test_Case" name="get_user" time="1.488">
    <failure type="java.lang.AssertionError" message="1 expectation failed.
Expected status code &amp;lt;200&amp;gt; but was &amp;lt;405&amp;gt;.
">
      <![CDATA[java.lang.AssertionError: 1 expectation failed.
Expected status code <200> but was <405>.

at org.codehaus.groovy.runtime.callsite.ConstructorSite$ConstructorSiteNoUnwrapNoCoerce.callConstructor(ConstructorSite.java:108)
at org.codehaus.groovy.runtime.callsite.CallSiteArray.defaultCallConstructor(CallSiteArray.java:57)
at org.codehaus.groovy.runtime.callsite.AbstractCallSite.callConstructor(AbstractCallSite.java:263)
at org.codehaus.groovy.runtime.callsite.AbstractCallSite.callConstructor(AbstractCallSite.java:277)
at io.restassured.internal.ResponseSpecificationImpl$HamcrestAssertionClosure.validate(ResponseSpecificationImpl.groovy:512)
at io.restassured.internal.ResponseSpecificationImpl$HamcrestAssertionClosure$validate$1.call(Unknown Source)
at io.restassured.internal.ResponseSpecificationImpl.validateResponseIfRequired(ResponseSpecificationImpl.groovy:696)
at io.restassured.internal.ResponseSpecificationImpl.this$2$validateResponseIfRequired(ResponseSpecificationImpl.groovy)
at org.codehaus.groovy.runtime.callsite.PlainObjectMetaMethodSite.doInvoke(PlainObjectMetaMethodSite.java:43)
at org.codehaus.groovy.runtime.callsite.PogoMetaMethodSite$PogoCachedMethodSiteNoUnwrapNoCoerce.invoke(PogoMetaMethodSite.java:198)
at org.codehaus.groovy.runtime.callsite.PogoMetaMethodSite.callCurrent(PogoMetaMethodSite.java:62)
at org.codehaus.groovy.runtime.callsite.AbstractCallSite.callCurrent(AbstractCallSite.java:185)
at io.restassured.internal.ResponseSpecificationImpl.statusCode(ResponseSpecificationImpl.groovy:135)
at io.restassured.specification.ResponseSpecification$statusCode$0.callCurrent(Unknown Source)
at io.restassured.internal.ResponseSpecificationImpl.statusCode(ResponseSpecificationImpl.groovy:143)
at io.restassured.internal.ValidatableResponseOptionsImpl.statusCode(ValidatableResponseOptionsImpl.java:89)
at api.test.Store_Test_Case.get_user(Store_Test_Case.java:41)
at java.base/java.util.ArrayList.forEach(ArrayList.java:1511)
... Removed 37 stack frames]]>
    </failure>
  </testcase> <!-- get_user -->
  <testcase classname="api.test.Store_Test_Case" name="delete_user" time="1.364"/>
</testsuite> <!-- Test -->
